<?xml version="1.0" encoding="UTF-8"?>
<testng-results skipped="0" failed="0" ignored="0" total="1" passed="1">
  <reporter-output>
  </reporter-output>
  <suite name="Default suite" duration-ms="813" started-at="2022-09-10T18:18:14 IST" finished-at="2022-09-10T18:18:14 IST">
    <groups>
      <group name="cucumber">
        <method signature="AbstractTestNGCucumberTests.runScenario(io.cucumber.testng.PickleWrapper, io.cucumber.testng.FeatureWrapper)[pri:0, instance:runner.MyRunner@76f2b07d]" name="runScenario" class="io.cucumber.testng.AbstractTestNGCucumberTests"/>
      </group> <!-- cucumber -->
    </groups>
    <test name="Default test" duration-ms="813" started-at="2022-09-10T18:18:14 IST" finished-at="2022-09-10T18:18:14 IST">
      <class name="runner.MyRunner">
        <test-method status="PASS" signature="setUpClass()[pri:0, instance:runner.MyRunner@76f2b07d]" name="setUpClass" is-config="true" duration-ms="505" started-at="2022-09-10T18:18:14 IST" finished-at="2022-09-10T18:18:14 IST">
          <reporter-output>
          </reporter-output>
        </test-method> <!-- setUpClass -->
        <test-method status="PASS" signature="runScenario(io.cucumber.testng.PickleWrapper, io.cucumber.testng.FeatureWrapper)[pri:0, instance:runner.MyRunner@76f2b07d]" name="runScenario" duration-ms="228" started-at="2022-09-10T18:18:14 IST" description="Runs Cucumber Scenarios" data-provider="scenarios" finished-at="2022-09-10T18:18:14 IST">
          <params>
            <param index="0">
              <value>
                <![CDATA["Buying a second hand car"]]>
              </value>
            </param>
            <param index="1">
              <value>
                <![CDATA["Optional[Car Trading]"]]>
              </value>
            </param>
          </params>
          <reporter-output>
          </reporter-output>
        </test-method> <!-- runScenario -->
        <test-method status="PASS" signature="tearDownClass()[pri:0, instance:runner.MyRunner@76f2b07d]" name="tearDownClass" is-config="true" duration-ms="44" started-at="2022-09-10T18:18:14 IST" finished-at="2022-09-10T18:18:14 IST">
          <reporter-output>
          </reporter-output>
        </test-method> <!-- tearDownClass -->
      </class> <!-- runner.MyRunner -->
    </test> <!-- Default test -->
  </suite> <!-- Default suite -->
</testng-results>
